
连接到: Oracle Database 10g Enterprise Edition Release 10.2.0.3.0 - Production
With the Partitioning, OLAP and Data Mining options
已导出 ZHS16GBK 字符集和 AL16UTF16 NCHAR 字符集

即将导出指定的用户...
. 正在导出 pre-schema 过程对象和操作
. 正在导出用户 LDCGLXT 的外部函数库名
. 导出 PUBLIC 类型同义词
. 正在导出专用类型同义词
. 正在导出用户 LDCGLXT 的对象类型定义
即将导出 LDCGLXT 的对象...
. 正在导出数据库链接
. 正在导出序号
. 正在导出簇定义
. 即将导出 LDCGLXT 的表通过常规路径...
. . 正在导出表                         BMGL_CB导出了           0 行
. . 正在导出表                         BMGL_ZB导出了          25 行
. . 正在导出表                            BZQY导出了          35 行
. . 正在导出表                         BZRY_CB导出了          47 行
. . 正在导出表                         BZRY_ZB导出了          13 行
. . 正在导出表                          CKD_CB导出了           5 行
. . 正在导出表                          CKD_ZB导出了          11 行
. . 正在导出表                            CKXX导出了           6 行
. . 正在导出表                            CLBX导出了           0 行
. . 正在导出表                            CLBY导出了           1 行
. . 正在导出表                           CLFBF导出了           0 行
. . 正在导出表                        CLFJY_ZB导出了           0 行
. . 正在导出表                           CLFTK导出了           0 行
. . 正在导出表                          CLWXJL导出了           0 行
. . 正在导出表                          CLWZJL导出了           0 行
. . 正在导出表                            CLXX导出了          18 行
. . 正在导出表                            CPFL导出了          13 行
. . 正在导出表                            CPXX导出了         121 行
. . 正在导出表                      DATACOLUMN导出了           0 行
. . 正在导出表                      DATAOBJECT导出了           0 行
. . 正在导出表                      DATASOURCE导出了           2 行
. . 正在导出表                          DBD_CB导出了           9 行
. . 正在导出表                          DBD_ZB导出了          10 行
. . 正在导出表                   DISTRICT_CODE导出了           0 行
. . 正在导出表                            FJXX导出了           8 行
. . 正在导出表                       FUNCATION导出了           0 行
. . 正在导出表                           GZFLB导出了         115 行
. . 正在导出表                           GZXXB导出了           0 行
. . 正在导出表                        JBXX_FJB导出了           0 行
. . 正在导出表                       JBXX_YWTL导出了           0 行
. . 正在导出表                         JBXX_ZB导出了        1024 行
. . 正在导出表                            JCJL导出了           2 行
. . 正在导出表                           JCXMB导出了          37 行
. . 正在导出表                            JCZL导出了          69 行
. . 正在导出表                            JGYH导出了           1 行
. . 正在导出表                        JKJCYWZB导出了           0 行
. . 正在导出表                            JLDW导出了           6 行
. . 正在导出表                           JSYXX导出了           3 行
. . 正在导出表                            KCCB导出了          43 行
. . 正在导出表                            KCXX导出了           0 行
. . 正在导出表                            KCZB导出了          23 行
. . 正在导出表                           KFSYH导出了           2 行
. . 正在导出表                     LDC_QYXX_CB导出了        3512 行
. . 正在导出表                     LDC_QYXX_ZB导出了           4 行
. . 正在导出表                        MENULIST导出了          42 行
. . 正在导出表                             PBB导出了         108 行
. . 正在导出表                            PBJH导出了        1202 行
. . 正在导出表                          PDD_CB导出了           9 行
. . 正在导出表                          PDD_ZB导出了          10 行
. . 正在导出表                          PLOLAT导出了           2 行
. . 正在导出表                              QR导出了           8 行
. . 正在导出表                            QRZS导出了           2 行
. . 正在导出表                             QXZ导出了           4 行
. . 正在导出表                           QXZCY导出了          16 行
. . 正在导出表                         QYXX_CB导出了           0 行
. . 正在导出表                         QYXX_ZB导出了          33 行
. . 正在导出表                          REPORT导出了           8 行
. . 正在导出表                      REPORT_PIC导出了           6 行
. . 正在导出表                          RKD_CB导出了          34 行
. . 正在导出表                          RKD_ZB导出了          38 行
. . 正在导出表                            ROLE导出了           0 行
. . 正在导出表                            RQZL导出了         183 行
. . 正在导出表                            RYXX导出了          85 行
. . 正在导出表                            SBXX导出了           0 行
. . 正在导出表                          SZDAJZ导出了           0 行
. . 正在导出表                            TIME导出了          48 行
. . 正在导出表                     TRACKDETAIL导出了         277 行
. . 正在导出表                       TRACKINFO导出了          87 行
. . 正在导出表                          TWXZC1导出了           0 行
. . 正在导出表                          TWXZC2导出了           4 行
. . 正在导出表                          TZCZT1导出了           0 行
. . 正在导出表                         TZ_JBXX导出了           9 行
. . 正在导出表                          TZ_QXZ导出了           4 行
. . 正在导出表                         TZ_RYXX导出了           7 行
. . 正在导出表                      USERTOROLE导出了           2 行
. . 正在导出表                      WFDETAILFJ导出了           1 行
. . 正在导出表                          WORKFL导出了           6 行
. . 正在导出表                  WORKFLOWDEFINE导出了           5 行
. . 正在导出表                  WORKFLOWDETAIL导出了          20 行
. . 正在导出表                    WORKMENUROLE导出了         182 行
. . 正在导出表                      WORKNODEFJ导出了           1 行
. . 正在导出表                    WORKNODEROLE导出了           0 行
. . 正在导出表                       WORKNODES导出了          23 行
. . 正在导出表                        WORKROLE导出了           4 行
. . 正在导出表                    WORKUSERROLE导出了           4 行
. . 正在导出表                            WTLY导出了          13 行
. . 正在导出表                           WXFPB导出了        1600 行
. . 正在导出表                           WXPBB导出了           0 行
. . 正在导出表                         WXPB_CB导出了           0 行
. . 正在导出表                         WXPB_ZB导出了           0 行
. . 正在导出表                            WXQD导出了        1606 行
. . 正在导出表                            WXYW导出了           0 行
. . 正在导出表                           WXZCB导出了          64 行
. . 正在导出表                          WX_WTK导出了        1575 行
. . 正在导出表                            XGRY导出了          79 行
. . 正在导出表                           XJGJB导出了           0 行
. . 正在导出表                           XJJLB导出了           0 行
. . 正在导出表                          XJPBCL导出了           0 行
. . 正在导出表                          XJPBRW导出了           0 行
. . 正在导出表                          XJPBRY导出了           0 行
. . 正在导出表                           XJYWB导出了         440 行
. . 正在导出表                          XJ_WTK导出了         923 行
. . 正在导出表                              XK导出了           1 行
. . 正在导出表                         XK_SXJS导出了           2 行
. . 正在导出表                        XK_TABLE导出了           1 行
. . 正在导出表                   XK_TABLE_SXJS导出了           1 行
. . 正在导出表                         XLXX_CB导出了         320 行
. . 正在导出表                         XLXX_ZB导出了          37 行
. . 正在导出表                            XTCS导出了          12 行
. . 正在导出表                            XZQY导出了           0 行
. . 正在导出表                            YHLB导出了           9 行
. . 正在导出表                            YHXX导出了           2 行
. . 正在导出表                            YQJL导出了           6 行
. . 正在导出表                            ZNJK导出了           8 行
. 正在导出同义词
. 正在导出视图
. 正在导出存储过程
. 正在导出运算符
. 正在导出引用完整性约束条件
. 正在导出触发器
. 正在导出索引类型
. 正在导出位图, 功能性索引和可扩展索引
. 正在导出后期表活动
. 正在导出实体化视图
. 正在导出快照日志
. 正在导出作业队列
. 正在导出刷新组和子组
. 正在导出维
. 正在导出 post-schema 过程对象和操作
. 正在导出统计信息
成功终止导出, 没有出现警告。
